<?xml version="1.0" encoding="UTF-8"?>
<testng-results ignored="0" total="2" passed="2" failed="0" skipped="0">
  <reporter-output>
  </reporter-output>
  <suite started-at="2021-03-22T00:10:30 IST" name="Default suite" finished-at="2021-03-22T00:10:30 IST" duration-ms="40">
    <groups>
    </groups>
    <test started-at="2021-03-22T00:10:30 IST" name="Default test" finished-at="2021-03-22T00:10:30 IST" duration-ms="40">
      <class name="Priority">
        <test-method is-config="true" signature="beforeSuite()[pri:0, instance:Priority@2145b572]" started-at="2021-03-22T00:10:30 IST" name="beforeSuite" finished-at="2021-03-22T00:10:30 IST" duration-ms="8" status="PASS">
          <reporter-output>
          </reporter-output>
        </test-method> <!-- beforeSuite -->
        <test-method is-config="true" signature="beforeTest()[pri:0, instance:Priority@2145b572]" started-at="2021-03-22T00:10:30 IST" name="beforeTest" finished-at="2021-03-22T00:10:30 IST" duration-ms="0" status="PASS">
          <reporter-output>
          </reporter-output>
        </test-method> <!-- beforeTest -->
        <test-method is-config="true" signature="beforeClass()[pri:0, instance:Priority@2145b572]" started-at="2021-03-22T00:10:30 IST" name="beforeClass" finished-at="2021-03-22T00:10:30 IST" duration-ms="1" status="PASS">
          <reporter-output>
          </reporter-output>
        </test-method> <!-- beforeClass -->
        <test-method is-config="true" signature="beforeMethod1()[pri:0, instance:Priority@2145b572]" started-at="2021-03-22T00:10:30 IST" name="beforeMethod1" finished-at="2021-03-22T00:10:30 IST" duration-ms="1" status="PASS">
          <reporter-output>
          </reporter-output>
        </test-method> <!-- beforeMethod1 -->
        <test-method signature="testMethod1()[pri:0, instance:Priority@2145b572]" started-at="2021-03-22T00:10:30 IST" name="testMethod1" finished-at="2021-03-22T00:10:30 IST" duration-ms="4" status="PASS">
          <reporter-output>
          </reporter-output>
        </test-method> <!-- testMethod1 -->
        <test-method is-config="true" signature="beforeMethod2()[pri:0, instance:Priority@2145b572]" started-at="2021-03-22T00:10:30 IST" name="beforeMethod2" finished-at="2021-03-22T00:10:30 IST" duration-ms="0" status="PASS">
          <reporter-output>
          </reporter-output>
        </test-method> <!-- beforeMethod2 -->
        <test-method is-config="true" signature="afterMethod1()[pri:0, instance:Priority@2145b572]" started-at="2021-03-22T00:10:30 IST" name="afterMethod1" finished-at="2021-03-22T00:10:30 IST" duration-ms="0" status="PASS">
          <reporter-output>
          </reporter-output>
        </test-method> <!-- afterMethod1 -->
        <test-method is-config="true" signature="afterMethod2()[pri:0, instance:Priority@2145b572]" started-at="2021-03-22T00:10:30 IST" name="afterMethod2" finished-at="2021-03-22T00:10:30 IST" duration-ms="0" status="PASS">
          <reporter-output>
          </reporter-output>
        </test-method> <!-- afterMethod2 -->
        <test-method signature="testMethod2()[pri:0, instance:Priority@2145b572]" started-at="2021-03-22T00:10:30 IST" name="testMethod2" finished-at="2021-03-22T00:10:30 IST" duration-ms="2" status="PASS">
          <reporter-output>
          </reporter-output>
        </test-method> <!-- testMethod2 -->
        <test-method is-config="true" signature="beforeMethod1()[pri:0, instance:Priority@2145b572]" started-at="2021-03-22T00:10:30 IST" name="beforeMethod1" finished-at="2021-03-22T00:10:30 IST" duration-ms="0" status="PASS">
          <reporter-output>
          </reporter-output>
        </test-method> <!-- beforeMethod1 -->
        <test-method is-config="true" signature="beforeMethod2()[pri:0, instance:Priority@2145b572]" started-at="2021-03-22T00:10:30 IST" name="beforeMethod2" finished-at="2021-03-22T00:10:30 IST" duration-ms="0" status="PASS">
          <reporter-output>
          </reporter-output>
        </test-method> <!-- beforeMethod2 -->
        <test-method is-config="true" signature="afterMethod1()[pri:0, instance:Priority@2145b572]" started-at="2021-03-22T00:10:30 IST" name="afterMethod1" finished-at="2021-03-22T00:10:30 IST" duration-ms="1" status="PASS">
          <reporter-output>
          </reporter-output>
        </test-method> <!-- afterMethod1 -->
        <test-method is-config="true" signature="afterMethod2()[pri:0, instance:Priority@2145b572]" started-at="2021-03-22T00:10:30 IST" name="afterMethod2" finished-at="2021-03-22T00:10:30 IST" duration-ms="0" status="PASS">
          <reporter-output>
          </reporter-output>
        </test-method> <!-- afterMethod2 -->
        <test-method is-config="true" signature="afterClass()[pri:0, instance:Priority@2145b572]" started-at="2021-03-22T00:10:30 IST" name="afterClass" finished-at="2021-03-22T00:10:30 IST" duration-ms="0" status="PASS">
          <reporter-output>
          </reporter-output>
        </test-method> <!-- afterClass -->
        <test-method is-config="true" signature="afterTest()[pri:0, instance:Priority@2145b572]" started-at="2021-03-22T00:10:30 IST" name="afterTest" finished-at="2021-03-22T00:10:30 IST" duration-ms="1" status="PASS">
          <reporter-output>
          </reporter-output>
        </test-method> <!-- afterTest -->
        <test-method is-config="true" signature="afterSuite()[pri:0, instance:Priority@2145b572]" started-at="2021-03-22T00:10:30 IST" name="afterSuite" finished-at="2021-03-22T00:10:30 IST" duration-ms="0" status="PASS">
          <reporter-output>
          </reporter-output>
        </test-method> <!-- afterSuite -->
      </class> <!-- Priority -->
    </test> <!-- Default test -->
  </suite> <!-- Default suite -->
</testng-results>
